2021-09-16 07:32:41.141 [http-nio-8080-exec-6] ERROR by.itacademy.newsportal.controller.impl.SignIn - Oshibka pri avtorizatsiya polzovatelya
by.itacademy.newsportal.service.ServiceException: Error authorization User invalid data
	at by.itacademy.newsportal.service.impl.UserServiceImpl.authorizationUser(UserServiceImpl.java:67) ~[classes/:?]
	at by.itacademy.newsportal.controller.impl.SignIn.execute(SignIn.java:35) [classes/:?]
	at by.itacademy.newsportal.controller.Controller.doPost(Controller.java:25) [classes/:?]
	at jakarta.servlet.http.HttpServlet.service(HttpServlet.java:689) [servlet-api.jar:5.0.0]
	at jakarta.servlet.http.HttpServlet.service(HttpServlet.java:770) [servlet-api.jar:5.0.0]
	at org.apache.catalina.core.ApplicationFilterChain.internalDoFilter(ApplicationFilterChain.java:223) [catalina.jar:10.0.6]
	at org.apache.catalina.core.ApplicationFilterChain.doFilter(ApplicationFilterChain.java:158) [catalina.jar:10.0.6]
	at org.apache.tomcat.websocket.server.WsFilter.doFilter(WsFilter.java:53) [tomcat-websocket.jar:10.0.6]
	at org.apache.catalina.core.ApplicationFilterChain.internalDoFilter(ApplicationFilterChain.java:185) [catalina.jar:10.0.6]
	at org.apache.catalina.core.ApplicationFilterChain.doFilter(ApplicationFilterChain.java:158) [catalina.jar:10.0.6]
	at by.itacademy.newsportal.filter.Filter7.doFilter(Filter7.java:34) [classes/:?]
	at org.apache.catalina.core.ApplicationFilterChain.internalDoFilter(ApplicationFilterChain.java:185) [catalina.jar:10.0.6]
	at org.apache.catalina.core.ApplicationFilterChain.doFilter(ApplicationFilterChain.java:158) [catalina.jar:10.0.6]
	at org.apache.catalina.core.StandardWrapperValve.invoke(StandardWrapperValve.java:202) [catalina.jar:10.0.6]
	at org.apache.catalina.core.StandardContextValve.invoke(StandardContextValve.java:97) [catalina.jar:10.0.6]
	at org.apache.catalina.authenticator.AuthenticatorBase.invoke(AuthenticatorBase.java:543) [catalina.jar:10.0.6]
	at org.apache.catalina.core.StandardHostValve.invoke(StandardHostValve.java:127) [catalina.jar:10.0.6]
	at org.apache.catalina.valves.ErrorReportValve.invoke(ErrorReportValve.java:92) [catalina.jar:10.0.6]
	at org.apache.catalina.valves.AbstractAccessLogValve.invoke(AbstractAccessLogValve.java:690) [catalina.jar:10.0.6]
	at org.apache.catalina.core.StandardEngineValve.invoke(StandardEngineValve.java:78) [catalina.jar:10.0.6]
	at org.apache.catalina.connector.CoyoteAdapter.service(CoyoteAdapter.java:353) [catalina.jar:10.0.6]
	at org.apache.coyote.http11.Http11Processor.service(Http11Processor.java:374) [tomcat-coyote.jar:10.0.6]
	at org.apache.coyote.AbstractProcessorLight.process(AbstractProcessorLight.java:65) [tomcat-coyote.jar:10.0.6]
	at org.apache.coyote.AbstractProtocol$ConnectionHandler.process(AbstractProtocol.java:870) [tomcat-coyote.jar:10.0.6]
	at org.apache.tomcat.util.net.NioEndpoint$SocketProcessor.doRun(NioEndpoint.java:1696) [tomcat-coyote.jar:10.0.6]
	at org.apache.tomcat.util.net.SocketProcessorBase.run(SocketProcessorBase.java:49) [tomcat-coyote.jar:10.0.6]
	at java.util.concurrent.ThreadPoolExecutor.runWorker(ThreadPoolExecutor.java:1130) [?:?]
	at java.util.concurrent.ThreadPoolExecutor$Worker.run(ThreadPoolExecutor.java:630) [?:?]
	at org.apache.tomcat.util.threads.TaskThread$WrappingRunnable.run(TaskThread.java:61) [tomcat-util.jar:10.0.6]
	at java.lang.Thread.run(Thread.java:832) [?:?]
Caused by: by.itacademy.newsportal.dao.DAOException: parol ili login ne pravilniy 
	at by.itacademy.newsportal.dao.impl.UserDAOImpl.getUser(UserDAOImpl.java:102) ~[classes/:?]
	at by.itacademy.newsportal.service.impl.UserServiceImpl.authorizationUser(UserServiceImpl.java:65) ~[classes/:?]
	... 29 more
